<?xml version="1.0" encoding="UTF-8"?>
<!-- Generated by org.testng.reporters.JUnitReportReporter -->
<testsuite hostname="rowdy" failures="0" tests="1" name="testCases.LoginTestCase" time="2.582" errors="0" timestamp="2025-02-15T20:05:17 IST" skipped="0">
  <testcase classname="testCases.LoginTestCase" name="verify_login" time="2.582"/>
</testsuite> <!-- testCases.LoginTestCase -->
