<?xml version="1.0" encoding="UTF-8"?>
<!-- Generated by org.testng.reporters.JUnitReportReporter -->
<testsuite hostname="rowdy" failures="0" tests="5" name="testCases.TC003_LoginDDT" time="56.450" errors="0" timestamp="2025-02-15T20:05:17 IST" skipped="0">
  <testcase classname="testCases.TC003_LoginDDT" name="verify_LoginDDT" time="13.356"/>
  <testcase classname="testCases.TC003_LoginDDT" name="verify_LoginDDT" time="12.818"/>
  <testcase classname="testCases.TC003_LoginDDT" name="verify_LoginDDT" time="12.545"/>
  <testcase classname="testCases.TC003_LoginDDT" name="verify_LoginDDT" time="12.724"/>
  <testcase classname="testCases.TC003_LoginDDT" name="verify_LoginDDT" time="5.007"/>
</testsuite> <!-- testCases.TC003_LoginDDT -->
